
Cell INVX1 disconnected node: A
Cell INVX1 disconnected node: gnd
Cell INVX1 disconnected node: Y
Cell INVX1 disconnected node: vdd

Subcircuit pins:
Circuit 1: INVX1                           |Circuit 2: INVX1                           
-------------------------------------------|-------------------------------------------
A                                          |A                                          
gnd                                        |gnd                                        
Y                                          |Y                                          
vdd                                        |vdd                                        
---------------------------------------------------------------------------------------
Cell pin lists are equivalent.
Device classes INVX1 and INVX1 are equivalent.

Cell NAND2X1 disconnected node: A
Cell NAND2X1 disconnected node: B
Cell NAND2X1 disconnected node: gnd
Cell NAND2X1 disconnected node: Y
Cell NAND2X1 disconnected node: vdd

Subcircuit pins:
Circuit 1: NAND2X1                         |Circuit 2: NAND2X1                         
-------------------------------------------|-------------------------------------------
A                                          |A                                          
B                                          |B                                          
gnd                                        |gnd                                        
Y                                          |Y                                          
vdd                                        |vdd                                        
---------------------------------------------------------------------------------------
Cell pin lists are equivalent.
Device classes NAND2X1 and NAND2X1 are equivalent.

Cell AND2X2 disconnected node: A
Cell AND2X2 disconnected node: B
Cell AND2X2 disconnected node: gnd
Cell AND2X2 disconnected node: Y
Cell AND2X2 disconnected node: vdd

Subcircuit pins:
Circuit 1: AND2X2                          |Circuit 2: AND2X2                          
-------------------------------------------|-------------------------------------------
A                                          |A                                          
B                                          |B                                          
gnd                                        |gnd                                        
Y                                          |Y                                          
vdd                                        |vdd                                        
---------------------------------------------------------------------------------------
Cell pin lists are equivalent.
Device classes AND2X2 and AND2X2 are equivalent.

Cell BUFX2 disconnected node: A
Cell BUFX2 disconnected node: gnd
Cell BUFX2 disconnected node: Y
Cell BUFX2 disconnected node: vdd

Subcircuit pins:
Circuit 1: BUFX2                           |Circuit 2: BUFX2                           
-------------------------------------------|-------------------------------------------
A                                          |A                                          
gnd                                        |gnd                                        
Y                                          |Y                                          
vdd                                        |vdd                                        
---------------------------------------------------------------------------------------
Cell pin lists are equivalent.
Device classes BUFX2 and BUFX2 are equivalent.

Cell NOR2X1 disconnected node: A
Cell NOR2X1 disconnected node: B
Cell NOR2X1 disconnected node: gnd
Cell NOR2X1 disconnected node: Y
Cell NOR2X1 disconnected node: vdd

Subcircuit pins:
Circuit 1: NOR2X1                          |Circuit 2: NOR2X1                          
-------------------------------------------|-------------------------------------------
A                                          |A                                          
B                                          |B                                          
gnd                                        |gnd                                        
Y                                          |Y                                          
vdd                                        |vdd                                        
---------------------------------------------------------------------------------------
Cell pin lists are equivalent.
Device classes NOR2X1 and NOR2X1 are equivalent.

Subcircuit summary:
Circuit 1: PPA_adder                       |Circuit 2: PPA_adder                       
-------------------------------------------|-------------------------------------------
BUFX2 (7)                                  |BUFX2 (7)                                  
NAND2X1 (16)                               |NAND2X1 (16)                               
NOR2X1 (24)                                |NOR2X1 (24)                                
INVX1 (14)                                 |INVX1 (14)                                 
AND2X2 (14)                                |AND2X2 (14)                                
Number of devices: 75                      |Number of devices: 75                      
Number of nets: 90                         |Number of nets: 90                         
---------------------------------------------------------------------------------------
Circuits match uniquely.
Netlists match uniquely.

Subcircuit pins:
Circuit 1: PPA_adder                       |Circuit 2: PPA_adder                       
-------------------------------------------|-------------------------------------------
c_in                                       |c_in                                       
c_out                                      |c_out                                      
result[1]                                  |result[1]                                  
result[2]                                  |result[2]                                  
result[4]                                  |result[4]                                  
result[0]                                  |result[0]                                  
result[3]                                  |result[3]                                  
result[5]                                  |result[5]                                  
sum_comp_2[2]                              |sum_comp_2[2]                              
sum_comp_2[4]                              |sum_comp_2[4]                              
sum_comp_1[2]                              |sum_comp_1[2]                              
sum_comp_1[4]                              |sum_comp_1[4]                              
sum_comp_2[3]                              |sum_comp_2[3]                              
sum_comp_2[5]                              |sum_comp_2[5]                              
sum_comp_2[0]                              |sum_comp_2[0]                              
sum_comp_2[1]                              |sum_comp_2[1]                              
sum_comp_1[3]                              |sum_comp_1[3]                              
sum_comp_1[5]                              |sum_comp_1[5]                              
sum_comp_1[0]                              |sum_comp_1[0]                              
sum_comp_1[1]                              |sum_comp_1[1]                              
vdd                                        |vdd                                        
gnd                                        |gnd                                        
---------------------------------------------------------------------------------------
Cell pin lists are equivalent.
Device classes PPA_adder and PPA_adder are equivalent.
Circuits match uniquely.
